RUN	acetoys.AcetoySimulation	acetoysimulation	1683272154460	 	3.9.3
USER	AcetoySimulation	START	1683272157091
REQUEST		Load Home page	1683272157090	1683272160569	OK	 
REQUEST		Load our story page	1683272162657	1683272162911	OK	 
REQUEST		Load Get in touch page	1683272164923	1683272166002	OK	 
REQUEST		Load products list page	1683272168011	1683272169079	OK	 
REQUEST		Load next page of products - Page 1	1683272171097	1683272172335	OK	 
REQUEST		Load next page of products - Page 2	1683272174342	1683272176653	OK	 
REQUEST		Load products details page - Product : Dart Board	1683272178661	1683272179317	OK	 
REQUEST		Add product to the cart - Product ID:19	1683272181323	1683272181673	OK	 
REQUEST		Load products list page : Babies Toys	1683272183677	1683272187178	OK	 
REQUEST		Add product to the cart - Product ID:4	1683272189187	1683272190805	OK	 
REQUEST		Add product to the cart - Product ID:4	1683272192809	1683272193960	OK	 
REQUEST		Add product to the cart - Product ID:2	1683272195965	1683272196298	OK	 
REQUEST		View Cart	1683272198302	1683272198549	OK	 
REQUEST		View Cart Redirect 1	1683272198555	1683272199112	OK	 
REQUEST		Login User	1683272201126	1683272201435	OK	 
REQUEST		Login User Redirect 1	1683272201436	1683272203688	OK	 
REQUEST		Increase product Quantity : Product Id : 19	1683272205703	1683272205930	OK	 
REQUEST		Increase product Quantity : Product Id : 19 Redirect 1	1683272205931	1683272207252	OK	 
REQUEST		Decrease product Quantity : Product Id : 4	1683272209260	1683272210137	OK	 
REQUEST		Decrease product Quantity : Product Id : 4 Redirect 1	1683272210138	1683272212289	OK	 
REQUEST		Cart checkout	1683272214293	1683272214574	OK	 
REQUEST		Cart checkout Redirect 1	1683272214575	1683272216001	OK	 
REQUEST		Logout	1683272218005	1683272218330	OK	 
REQUEST		Logout Redirect 1	1683272218330	1683272219697	OK	 
USER	AcetoySimulation	END	1683272219705
