RUN	acetoys.AcetoySimulation	acetoysimulation	1683272022263	 	3.9.3
USER	AcetoySimulation	START	1683272024687
REQUEST		Load Home page	1683272024686	1683272030575	OK	 
REQUEST		Load our story page	1683272032667	1683272033303	OK	 
REQUEST		Load Get in touch page	1683272035311	1683272036551	OK	 
REQUEST		Load products list page	1683272038560	1683272042392	OK	 
REQUEST		Load next page of products - Page 1	1683272044414	1683272047534	OK	 
REQUEST		Load next page of products - Page 2	1683272049542	1683272050637	OK	 
REQUEST		Load products details page - Product : Dart Board	1683272052645	1683272053998	OK	 
REQUEST		Add product to the cart - Product ID:19	1683272056004	1683272057053	OK	 
REQUEST		Load products list page : Babies Toys	1683272059057	1683272061454	OK	 
REQUEST		Add product to the cart - Product ID:4	1683272063460	1683272064076	OK	 
REQUEST		Add product to the cart - Product ID:4	1683272066081	1683272066351	OK	 
REQUEST		Add product to the cart - Product ID:2	1683272068356	1683272069952	OK	 
REQUEST		View Cart	1683272071956	1683272072200	OK	 
REQUEST		View Cart Redirect 1	1683272072206	1683272073620	OK	 
REQUEST		Login User	1683272075630	1683272075901	OK	 
REQUEST		Login User Redirect 1	1683272075905	1683272077327	OK	 
REQUEST		Increase product Quantity : Product Id : 19	1683272079336	1683272079686	OK	 
REQUEST		Increase product Quantity : Product Id : 19 Redirect 1	1683272079687	1683272083552	OK	 
REQUEST		Decrease product Quantity : Product Id : 4	1683272085560	1683272085805	OK	 
REQUEST		Decrease product Quantity : Product Id : 4 Redirect 1	1683272085805	1683272086780	OK	 
REQUEST		Cart checkout	1683272088786	1683272089019	OK	 
REQUEST		Cart checkout Redirect 1	1683272089019	1683272090721	OK	 
REQUEST		Logout	1683272092727	1683272093729	KO	status.find.in([200, 209], 304), found 405
USER	AcetoySimulation	END	1683272093735
