RUN	acetoys.AcetoySimulation	acetoysimulation	1683272726389	 	3.9.3
USER	AcetoySimulation	START	1683272729347
REQUEST		Load Home page	1683272729346	1683272730537	OK	 
REQUEST		Load our story page	1683272732629	1683272732998	OK	 
REQUEST		Load Get in touch page	1683272735008	1683272735352	OK	 
REQUEST		Load products list page	1683272737359	1683272738716	OK	 
REQUEST		Load next page of products - Page 1	1683272740733	1683272741418	OK	 
REQUEST		Load next page of products - Page 2	1683272743426	1683272744264	OK	 
REQUEST		Load products details page - Product : Dart Board	1683272746271	1683272746627	OK	 
REQUEST		Add product to the cart - Product ID:19	1683272748634	1683272750204	OK	 
REQUEST		Load products list page : Babies Toys	1683272752210	1683272752715	OK	 
REQUEST		Add product to the cart - Product ID:4	1683272754723	1683272755934	OK	 
REQUEST		Add product to the cart - Product ID:4	1683272757939	1683272758289	OK	 
REQUEST		Add product to the cart - Product ID:2	1683272760293	1683272760644	OK	 
REQUEST		View Cart	1683272762649	1683272762999	OK	 
REQUEST		View Cart Redirect 1	1683272763005	1683272763615	OK	 
REQUEST		Login User	1683272765628	1683272765871	OK	 
REQUEST		Login User Redirect 1	1683272765873	1683272767409	OK	 
REQUEST		Increase product Quantity : Product Id : 19	1683272769426	1683272769669	OK	 
REQUEST		Increase product Quantity : Product Id : 19 Redirect 1	1683272769670	1683272771928	OK	 
REQUEST		Decrease product Quantity : Product Id : 4	1683272773936	1683272774166	OK	 
REQUEST		Decrease product Quantity : Product Id : 4 Redirect 1	1683272774167	1683272775076	OK	 
REQUEST		Cart checkout	1683272777082	1683272777431	OK	 
REQUEST		Cart checkout Redirect 1	1683272777433	1683272778045	OK	 
REQUEST		Logout	1683272780051	1683272780299	OK	 
REQUEST		Logout Redirect 1	1683272780300	1683272781451	OK	 
USER	AcetoySimulation	END	1683272781460
