RUN	acetoys.AcetoySimulation	acetoysimulation	1683339851316	 	3.9.3
USER	AcetoySimulation	START	1683339853414
REQUEST		Load Home page	1683339853413	1683339854267	OK	 
REQUEST		Load our story page	1683339856347	1683339856622	OK	 
REQUEST		Load Get in touch page	1683339858634	1683339858908	OK	 
REQUEST		Load products list page - Category: All Products	1683339860925	1683339861548	OK	 
REQUEST		Load page 1 of products - Category : All Products	1683339863576	1683339864117	OK	 
REQUEST		Load page 2 of products - Category : All Products	1683339864130	1683339864402	OK	 
REQUEST		Load page 2 of products - Category : All Products	1683339864411	1683339864683	OK	 
REQUEST		Load page 2 of products - Category : All Products	1683339864691	1683339865031	OK	 
REQUEST		Load page 2 of products - Category : All Products	1683339865038	1683339865311	OK	 
REQUEST		Load page 2 of products - Category : All Products	1683339865315	1683339865588	OK	 
REQUEST		Load page 2 of products - Category : All Products	1683339865598	1683339865871	OK	 
REQUEST		Load page 2 of products - Category : All Products	1683339865877	1683339866152	OK	 
REQUEST		Load page 2 of products - Category : All Products	1683339866158	1683339866431	OK	 
REQUEST		Load page 2 of products - Category : All Products	1683339866438	1683339866712	OK	 
REQUEST		Load page 2 of products - Category : All Products	1683339866718	1683339866992	OK	 
REQUEST		Load page 2 of products - Category : All Products	1683339866998	1683339867386	OK	 
REQUEST		Load page 2 of products - Category : All Products	1683339867392	1683339867664	OK	 
REQUEST		Load page 2 of products - Category : All Products	1683339867671	1683339867999	OK	 
REQUEST		Load page 2 of products - Category : All Products	1683339868005	1683339868279	OK	 
REQUEST		Load page 2 of products - Category : All Products	1683339868285	1683339868558	OK	 
REQUEST		Load page 2 of products - Category : All Products	1683339868564	1683339868835	OK	 
REQUEST		Load page 2 of products - Category : All Products	1683339868837	1683339869108	OK	 
REQUEST		Load page 2 of products - Category : All Products	1683339869113	1683339869387	OK	 
REQUEST		Load page 2 of products - Category : All Products	1683339869392	1683339869665	OK	 
REQUEST		Load page 2 of products - Category : All Products	1683339869670	1683339870046	OK	 
REQUEST		Load page 2 of products - Category : All Products	1683339870052	1683339870324	OK	 
REQUEST		Load page 2 of products - Category : All Products	1683339870326	1683339870661	OK	 
REQUEST		Load page 2 of products - Category : All Products	1683339870665	1683339870968	OK	 
REQUEST		Load page 2 of products - Category : All Products	1683339870973	1683339871246	OK	 
REQUEST		Load page 2 of products - Category : All Products	1683339871251	1683339871524	OK	 
REQUEST		Load page 2 of products - Category : All Products	1683339871526	1683339871826	OK	 
REQUEST		Load page 2 of products - Category : All Products	1683339871828	1683339872108	OK	 
REQUEST		Load page 2 of products - Category : All Products	1683339872112	1683339872384	OK	 
REQUEST		Load page 2 of products - Category : All Products	1683339872389	1683339872663	OK	 
REQUEST		Load page 2 of products - Category : All Products	1683339872668	1683339872941	OK	 
REQUEST		Load page 2 of products - Category : All Products	1683339872945	1683339873217	OK	 
REQUEST		Load page 2 of products - Category : All Products	1683339873222	1683339873494	OK	 
REQUEST		Load page 2 of products - Category : All Products	1683339873499	1683339873834	OK	 
REQUEST		Load page 2 of products - Category : All Products	1683339873837	1683339874142	OK	 
REQUEST		Load page 2 of products - Category : All Products	1683339874146	1683339874449	OK	 
REQUEST		Load page 2 of products - Category : All Products	1683339874455	1683339874752	OK	 
REQUEST		Load page 2 of products - Category : All Products	1683339874756	1683339875029	OK	 
REQUEST		Load page 2 of products - Category : All Products	1683339875034	1683339875312	OK	 
REQUEST		Load page 2 of products - Category : All Products	1683339875317	1683339875593	OK	 
REQUEST		Load page 2 of products - Category : All Products	1683339875598	1683339875887	OK	 
REQUEST		Load page 2 of products - Category : All Products	1683339875891	1683339876163	OK	 
REQUEST		Load page 2 of products - Category : All Products	1683339876168	1683339876488	OK	 
REQUEST		Load page 2 of products - Category : All Products	1683339876492	1683339876823	OK	 
REQUEST		Load page 2 of products - Category : All Products	1683339876828	1683339877101	OK	 
REQUEST		Load page 2 of products - Category : All Products	1683339877106	1683339877423	OK	 
REQUEST		Load page 2 of products - Category : All Products	1683339877429	1683339877702	OK	 
REQUEST		Load page 2 of products - Category : All Products	1683339877708	1683339877981	OK	 
REQUEST		Load page 2 of products - Category : All Products	1683339877985	1683339878258	OK	 
REQUEST		Load page 2 of products - Category : All Products	1683339878263	1683339878543	OK	 
REQUEST		Load page 2 of products - Category : All Products	1683339878548	1683339878821	OK	 
REQUEST		Load page 2 of products - Category : All Products	1683339878825	1683339879098	OK	 
REQUEST		Load page 2 of products - Category : All Products	1683339879102	1683339879374	OK	 
REQUEST		Load page 2 of products - Category : All Products	1683339879376	1683339879648	OK	 
REQUEST		Load page 2 of products - Category : All Products	1683339879653	1683339879979	OK	 
REQUEST		Load page 2 of products - Category : All Products	1683339879984	1683339880256	OK	 
REQUEST		Load page 2 of products - Category : All Products	1683339880261	1683339880533	OK	 
REQUEST		Load page 2 of products - Category : All Products	1683339880538	1683339880900	OK	 
REQUEST		Load page 2 of products - Category : All Products	1683339880903	1683339881175	OK	 
REQUEST		Load page 2 of products - Category : All Products	1683339881178	1683339881516	OK	 
REQUEST		Load page 2 of products - Category : All Products	1683339881521	1683339881823	OK	 
REQUEST		Load page 2 of products - Category : All Products	1683339881827	1683339882130	OK	 
REQUEST		Load page 2 of products - Category : All Products	1683339882135	1683339882437	OK	 
REQUEST		Load page 2 of products - Category : All Products	1683339882442	1683339882715	OK	 
REQUEST		Load page 2 of products - Category : All Products	1683339882719	1683339882992	OK	 
REQUEST		Load page 2 of products - Category : All Products	1683339882997	1683339883271	OK	 
REQUEST		Load page 2 of products - Category : All Products	1683339883276	1683339883548	OK	 
REQUEST		Load page 2 of products - Category : All Products	1683339883553	1683339883831	OK	 
REQUEST		Load page 2 of products - Category : All Products	1683339883835	1683339884178	OK	 
REQUEST		Load page 2 of products - Category : All Products	1683339884182	1683339884485	OK	 
REQUEST		Load page 2 of products - Category : All Products	1683339884489	1683339884794	OK	 
REQUEST		Load page 2 of products - Category : All Products	1683339884798	1683339885099	OK	 
REQUEST		Load page 2 of products - Category : All Products	1683339885104	1683339885405	OK	 
REQUEST		Load page 2 of products - Category : All Products	1683339885408	1683339885713	OK	 
REQUEST		Load page 2 of products - Category : All Products	1683339885717	1683339886020	OK	 
REQUEST		Load page 2 of products - Category : All Products	1683339886023	1683339886296	OK	 
REQUEST		Load page 2 of products - Category : All Products	1683339886299	1683339886572	OK	 
REQUEST		Load page 2 of products - Category : All Products	1683339886576	1683339886851	OK	 
REQUEST		Load page 2 of products - Category : All Products	1683339886856	1683339887129	OK	 
REQUEST		Load page 2 of products - Category : All Products	1683339887133	1683339887406	OK	 
REQUEST		Load page 2 of products - Category : All Products	1683339887408	1683339887689	OK	 
REQUEST		Load page 2 of products - Category : All Products	1683339887694	1683339887966	OK	 
REQUEST		Load page 2 of products - Category : All Products	1683339887970	1683339888243	OK	 
REQUEST		Load page 2 of products - Category : All Products	1683339888248	1683339888519	OK	 
REQUEST		Load page 2 of products - Category : All Products	1683339888524	1683339888795	OK	 
REQUEST		Load page 2 of products - Category : All Products	1683339888796	1683339889068	OK	 
REQUEST		Load page 2 of products - Category : All Products	1683339889072	1683339889344	OK	 
REQUEST		Load page 2 of products - Category : All Products	1683339889348	1683339889620	OK	 
REQUEST		Load page 2 of products - Category : All Products	1683339889624	1683339889913	OK	 
REQUEST		Load page 2 of products - Category : All Products	1683339889915	1683339890188	OK	 
REQUEST		Load page 2 of products - Category : All Products	1683339890193	1683339890465	OK	 
REQUEST		Load page 2 of products - Category : All Products	1683339890469	1683339890741	OK	 
REQUEST		Load page 2 of products - Category : All Products	1683339890745	1683339891018	OK	 
REQUEST		Load page 2 of products - Category : All Products	1683339891023	1683339891295	OK	 
REQUEST		Load page 2 of products - Category : All Products	1683339891300	1683339891572	OK	 
REQUEST		Load page 2 of products - Category : All Products	1683339891576	1683339891931	OK	 
REQUEST		Load page 2 of products - Category : All Products	1683339891933	1683339892761	OK	 
REQUEST		Load page 2 of products - Category : All Products	1683339892765	1683339893043	OK	 
REQUEST		Load page 2 of products - Category : All Products	1683339893051	1683339893348	OK	 
REQUEST		Load page 2 of products - Category : All Products	1683339893352	1683339893627	OK	 
REQUEST		Load page 2 of products - Category : All Products	1683339893631	1683339893908	OK	 
REQUEST		Load page 2 of products - Category : All Products	1683339893912	1683339894224	OK	 
REQUEST		Load page 2 of products - Category : All Products	1683339894229	1683339894506	OK	 
REQUEST		Load page 2 of products - Category : All Products	1683339894510	1683339894787	OK	 
REQUEST		Load page 2 of products - Category : All Products	1683339894790	1683339895067	OK	 
REQUEST		Load page 2 of products - Category : All Products	1683339895072	1683339895348	OK	 
REQUEST		Load page 2 of products - Category : All Products	1683339895353	1683339895629	OK	 
REQUEST		Load page 2 of products - Category : All Products	1683339895633	1683339895953	OK	 
REQUEST		Load page 2 of products - Category : All Products	1683339895955	1683339896231	OK	 
REQUEST		Load page 2 of products - Category : All Products	1683339896235	1683339896512	OK	 
REQUEST		Load page 2 of products - Category : All Products	1683339896516	1683339896793	OK	 
REQUEST		Load page 2 of products - Category : All Products	1683339896796	1683339897083	OK	 
REQUEST		Load page 2 of products - Category : All Products	1683339897087	1683339897363	OK	 
REQUEST		Load page 2 of products - Category : All Products	1683339897366	1683339897643	OK	 
REQUEST		Load page 2 of products - Category : All Products	1683339897647	1683339897922	OK	 
REQUEST		Load page 2 of products - Category : All Products	1683339897926	1683339898203	OK	 
REQUEST		Load page 2 of products - Category : All Products	1683339898208	1683339898485	OK	 
REQUEST		Load page 2 of products - Category : All Products	1683339898488	1683339898766	OK	 
REQUEST		Load page 2 of products - Category : All Products	1683339898770	1683339899046	OK	 
REQUEST		Load page 2 of products - Category : All Products	1683339899050	1683339899328	OK	 
REQUEST		Load page 2 of products - Category : All Products	1683339899331	1683339899607	OK	 
REQUEST		Load page 2 of products - Category : All Products	1683339899612	1683339899889	OK	 
REQUEST		Load page 2 of products - Category : All Products	1683339899893	1683339900255	OK	 
REQUEST		Load page 2 of products - Category : All Products	1683339900259	1683339900537	OK	 
REQUEST		Load page 2 of products - Category : All Products	1683339900541	1683339900818	OK	 
REQUEST		Load page 2 of products - Category : All Products	1683339900823	1683339901178	OK	 
REQUEST		Load page 2 of products - Category : All Products	1683339901182	1683339901459	OK	 
REQUEST		Load page 2 of products - Category : All Products	1683339901462	1683339901738	OK	 
REQUEST		Load page 2 of products - Category : All Products	1683339901743	1683339902020	OK	 
REQUEST		Load page 2 of products - Category : All Products	1683339902024	1683339902301	OK	 
REQUEST		Load page 2 of products - Category : All Products	1683339902305	1683339902581	OK	 
REQUEST		Load page 2 of products - Category : All Products	1683339902586	1683339902870	OK	 
REQUEST		Load page 2 of products - Category : All Products	1683339902874	1683339903151	OK	 
REQUEST		Load page 2 of products - Category : All Products	1683339903155	1683339903434	OK	 
REQUEST		Load page 2 of products - Category : All Products	1683339903438	1683339903736	OK	 
REQUEST		Load page 2 of products - Category : All Products	1683339903738	1683339904044	OK	 
REQUEST		Load page 2 of products - Category : All Products	1683339904048	1683339904350	OK	 
REQUEST		Load page 2 of products - Category : All Products	1683339904353	1683339904629	OK	 
REQUEST		Load page 2 of products - Category : All Products	1683339904633	1683339904910	OK	 
REQUEST		Load page 2 of products - Category : All Products	1683339904912	1683339905274	OK	 
REQUEST		Load page 2 of products - Category : All Products	1683339905278	1683339905580	OK	 
REQUEST		Load page 2 of products - Category : All Products	1683339905584	1683339905887	OK	 
REQUEST		Load page 2 of products - Category : All Products	1683339905891	1683339906168	OK	 
REQUEST		Load page 2 of products - Category : All Products	1683339906173	1683339906521	OK	 
REQUEST		Load page 2 of products - Category : All Products	1683339906524	1683339906911	OK	 
REQUEST		Load page 2 of products - Category : All Products	1683339906915	1683339907192	OK	 
REQUEST		Load page 2 of products - Category : All Products	1683339907196	1683339907473	OK	 
REQUEST		Load page 2 of products - Category : All Products	1683339907477	1683339907751	OK	 
REQUEST		Load page 2 of products - Category : All Products	1683339907756	1683339908037	OK	 
REQUEST		Load page 2 of products - Category : All Products	1683339908039	1683339908315	OK	 
REQUEST		Load page 2 of products - Category : All Products	1683339908318	1683339908594	OK	 
REQUEST		Load page 2 of products - Category : All Products	1683339908599	1683339908877	OK	 
REQUEST		Load page 2 of products - Category : All Products	1683339908881	1683339909160	OK	 
REQUEST		Load page 2 of products - Category : All Products	1683339909164	1683339909440	OK	 
REQUEST		Load page 2 of products - Category : All Products	1683339909445	1683339909721	OK	 
REQUEST		Load page 2 of products - Category : All Products	1683339909725	1683339910085	OK	 
REQUEST		Load page 2 of products - Category : All Products	1683339910090	1683339910366	OK	 
REQUEST		Load page 2 of products - Category : All Products	1683339910370	1683339910724	OK	 
REQUEST		Load page 2 of products - Category : All Products	1683339910728	1683339911110	OK	 
REQUEST		Load page 2 of products - Category : All Products	1683339911114	1683339911391	OK	 
REQUEST		Load page 2 of products - Category : All Products	1683339911394	1683339911670	OK	 
REQUEST		Load page 2 of products - Category : All Products	1683339911674	1683339912030	OK	 
REQUEST		Load page 2 of products - Category : All Products	1683339912032	1683339912338	OK	 
REQUEST		Load page 2 of products - Category : All Products	1683339912342	1683339912645	OK	 
REQUEST		Load page 2 of products - Category : All Products	1683339912650	1683339912953	OK	 
REQUEST		Load page 2 of products - Category : All Products	1683339912957	1683339913232	OK	 
REQUEST		Load page 2 of products - Category : All Products	1683339913234	1683339913512	OK	 
REQUEST		Load page 2 of products - Category : All Products	1683339913516	1683339913791	OK	 
REQUEST		Load page 2 of products - Category : All Products	1683339913792	1683339914069	OK	 
REQUEST		Load page 2 of products - Category : All Products	1683339914072	1683339914349	OK	 
REQUEST		