RUN	acetoys.AcetoySimulation	acetoysimulation	1683341078863	 	3.9.3
USER	AcetoySimulation	START	1683341081143
REQUEST		Load Home page	1683341081142	1683341082234	OK	 
REQUEST		Load our story page	1683341084312	1683341084610	OK	 
REQUEST		Load Get in touch page	1683341086621	1683341087059	OK	 
REQUEST		Load products list page - Category: Kids Toys	1683341089076	1683341089661	OK	 
REQUEST		Load products details page - Product : VR Headset	1683341093692	1683341094107	OK	 
REQUEST		Add product to the cart - Product ID:VR Headset	1683341096115	1683341096458	OK	 
REQUEST		Load products list page - Category: All Products	1683341098462	1683341099123	OK	 
REQUEST		Add product to the cart - Product ID:VR Headset	1683341101138	1683341101435	OK	 
REQUEST		Add product to the cart - Product ID:VR Headset	1683341103438	1683341103741	OK	 
REQUEST		Login User	1683341105752	1683341106047	OK	 
REQUEST		Login User Redirect 1	1683341106053	1683341106350	OK	 
REQUEST		View Cart	1683341106356	1683341106695	OK	 
REQUEST		Increase product Quantity : Product Id : 19	1683341108700	1683341109002	OK	 
REQUEST		Increase product Quantity : Product Id : 19 Redirect 1	1683341109003	1683341109363	OK	 
REQUEST		Decrease product Quantity : Product Id : 19	1683341111369	1683341111670	OK	 
REQUEST		Decrease product Quantity : Product Id : 19 Redirect 1	1683341111671	1683341112024	OK	 
REQUEST		Login User	1683341114031	1683341114379	KO	status.find.in([200, 209], 304), found 405
REQUEST		View Cart	1683341114385	1683341114789	OK	 
REQUEST		Cart checkout	1683341116796	1683341117143	OK	 
REQUEST		Cart checkout Redirect 1	1683341117144	1683341117555	OK	 
USER	AcetoySimulation	END	1683341119568
