RUN	acetoys.AcetoySimulation	acetoysimulation	1683305729187	 	3.9.3
USER	AcetoySimulation	START	1683305731231
REQUEST		Load Home page	1683305731230	1683305736805	OK	 
REQUEST		Load our story page	1683305738877	1683305785912	OK	 
REQUEST		Load Get in touch page	1683305787922	1683305791542	OK	 
REQUEST		Load products list page - Category: All Products	1683305793555	1683305799324	OK	 
REQUEST		Load Second page of products	1683305801337	1683305806778	OK	 
REQUEST		Load next page of products - Page 2	1683305808788	1683305812227	OK	 
REQUEST		Load products details page - Product : Dart Board	1683305814236	1683305822794	OK	 
REQUEST		Add product to the cart - Product ID:19	1683305824802	1683305826235	OK	 
REQUEST		Load products list page - Category: Babies Toys	1683305828241	1683305835107	OK	 
REQUEST		Add product to the cart - Product ID:4	1683305837115	1683305838216	OK	 
REQUEST		Add product to the cart - Product ID:2	1683305840219	1683305840877	OK	 
REQUEST		View Cart	1683305842882	1683305843170	OK	 
REQUEST		View Cart Redirect 1	1683305843173	1683305847370	OK	 
REQUEST		Login User	1683305849383	1683305849669	OK	 
REQUEST		Login User Redirect 1	1683305849670	1683305854281	OK	 
REQUEST		Increase product Quantity : Product Id : 19	1683305856286	1683305857064	OK	 
REQUEST		Increase product Quantity : Product Id : 19 Redirect 1	1683305857065	1683305861320	OK	 
REQUEST		Decrease product Quantity : Product Id : 19	1683305863323	1683305863610	OK	 
REQUEST		Decrease product Quantity : Product Id : 19 Redirect 1	1683305863611	1683305865833	OK	 
REQUEST		Cart checkout	1683305867840	1683305876444	OK	 
REQUEST		Cart checkout Redirect 1	1683305876444	1683305878665	OK	 
USER	AcetoySimulation	END	1683305880677
