RUN	acetoys.AcetoySimulation	acetoysimulation	1683341417365	 	3.9.3
USER	AcetoySimulation	START	1683341419417
REQUEST		Load Home page	1683341419416	1683341420458	OK	 
REQUEST		Load our story page	1683341422542	1683341422837	OK	 
REQUEST		Load Get in touch page	1683341424849	1683341425145	OK	 
REQUEST		Load products list page - Category: Babies Toys	1683341427162	1683341427755	OK	 
REQUEST		Load products details page - Product : Poker Set	1683341431785	1683341432123	OK	 
REQUEST		Add product to the cart - Product ID:Poker Set	1683341434133	1683341434478	OK	 
REQUEST		Load products list page - Category: All Products	1683341436484	1683341437075	OK	 
REQUEST		Add product to the cart - Product ID:Poker Set	1683341439088	1683341439497	OK	 
REQUEST		Add product to the cart - Product ID:Poker Set	1683341441502	1683341441852	OK	 
REQUEST		Login User	1683341443865	1683341444159	OK	 
REQUEST		Login User Redirect 1	1683341444164	1683341444460	OK	 
REQUEST		View Cart	1683341444465	1683341444762	OK	 
REQUEST		Increase product Quantity : Product Id : 19	1683341446770	1683341447175	OK	 
REQUEST		Increase product Quantity : Product Id : 19 Redirect 1	1683341447176	1683341447586	OK	 
REQUEST		Decrease product Quantity : Product Id : 19	1683341449594	1683341449941	OK	 
REQUEST		Decrease product Quantity : Product Id : 19 Redirect 1	1683341449942	1683341450357	OK	 
REQUEST		Login User	1683341452364	1683341452705	KO	status.find.in([200, 209], 304), found 405
REQUEST		View Cart	1683341452707	1683341453114	OK	 
REQUEST		Cart checkout	1683341455122	1683341455471	OK	 
REQUEST		Cart checkout Redirect 1	1683341455473	1683341455882	OK	 
USER	AcetoySimulation	END	1683341457895
